2026-03-11 22:21:48,633 INFO: Attendance application startup [in /workspaces/attendance_webapp/app.py:46]
2026-03-11 22:22:13,051 WARNING: Failed login attempt for username: deddy [in /workspaces/attendance_webapp/app.py:796]
2026-03-11 22:22:19,011 WARNING: Failed login attempt for username: admin [in /workspaces/attendance_webapp/app.py:796]
2026-03-11 22:22:25,260 ERROR: Error in login route: type object 'IPModel' has no attribute 'log_ip' [in /workspaces/attendance_webapp/app.py:799]
2026-03-11 22:22:34,613 WARNING: Failed login attempt for username: deddy [in /workspaces/attendance_webapp/app.py:796]
2026-03-11 22:22:54,407 WARNING: Failed login attempt for username: Admin [in /workspaces/attendance_webapp/app.py:796]
2026-03-11 22:23:07,815 WARNING: Failed login attempt for username: Admin [in /workspaces/attendance_webapp/app.py:796]
2026-03-11 22:23:17,420 WARNING: Failed login attempt for username: Admin [in /workspaces/attendance_webapp/app.py:796]
2026-03-11 22:25:08,711 WARNING: Failed login attempt for username: Admin [in /workspaces/attendance_webapp/app.py:796]
2026-03-11 22:32:09,522 INFO: Attendance application startup [in /workspaces/attendance_webapp/app.py:46]
2026-03-11 22:32:24,507 WARNING: Failed login attempt for username: Admin [in /workspaces/attendance_webapp/app.py:796]
2026-03-11 22:32:28,630 WARNING: Failed login attempt for username: admin [in /workspaces/attendance_webapp/app.py:796]
2026-03-11 22:32:35,963 WARNING: Failed login attempt for username: admin [in /workspaces/attendance_webapp/app.py:796]
2026-03-11 22:32:40,713 WARNING: Failed login attempt for username: Admin [in /workspaces/attendance_webapp/app.py:796]
2026-03-11 22:34:04,347 WARNING: Failed login attempt for username: admin [in /workspaces/attendance_webapp/app.py:796]
2026-03-11 22:34:16,574 WARNING: Failed login attempt for username: admin [in /workspaces/attendance_webapp/app.py:796]
2026-03-11 22:35:21,358 INFO: Attendance application startup [in /workspaces/attendance_webapp/app.py:46]
2026-03-11 22:35:33,240 ERROR: Error in login route: type object 'IPModel' has no attribute 'log_ip' [in /workspaces/attendance_webapp/app.py:799]
2026-03-11 22:35:40,020 WARNING: Failed login attempt for username: admin [in /workspaces/attendance_webapp/app.py:796]
2026-03-11 22:35:44,855 WARNING: Failed login attempt for username: Admin [in /workspaces/attendance_webapp/app.py:796]
2026-03-11 22:35:49,327 WARNING: Failed login attempt for username: Admin [in /workspaces/attendance_webapp/app.py:796]
2026-03-11 22:37:14,160 INFO: Attendance application startup [in /workspaces/attendance_webapp/app.py:46]
2026-03-11 22:37:26,805 ERROR: Error in login route: type object 'IPModel' has no attribute 'log_ip' [in /workspaces/attendance_webapp/app.py:799]
2026-03-11 22:37:30,846 WARNING: Failed login attempt for username: Admin [in /workspaces/attendance_webapp/app.py:796]
2026-03-11 22:40:01,476 INFO: Attendance application startup [in /workspaces/attendance_webapp/app.py:46]
2026-03-11 22:40:01,861 INFO: Admin user created with password: hKFy9Ejtlo0KcROW [in /workspaces/attendance_webapp/app.py:431]
2026-03-11 22:40:26,388 WARNING: Failed login attempt for username: Admin [in /workspaces/attendance_webapp/app.py:796]
2026-03-11 22:40:32,612 ERROR: Error in login route: type object 'IPModel' has no attribute 'log_ip' [in /workspaces/attendance_webapp/app.py:799]
2026-03-11 22:40:55,319 WARNING: Failed login attempt for username: admin [in /workspaces/attendance_webapp/app.py:796]
2026-03-11 22:41:03,780 WARNING: Failed login attempt for username: Baik boskudmin [in /workspaces/attendance_webapp/app.py:796]
2026-03-11 22:41:10,035 WARNING: Failed login attempt for username: Admin [in /workspaces/attendance_webapp/app.py:796]
2026-03-11 22:41:14,965 WARNING: Failed login attempt for username: admin [in /workspaces/attendance_webapp/app.py:796]
2026-03-11 22:41:20,170 WARNING: Failed login attempt for username: Deddy [in /workspaces/attendance_webapp/app.py:796]
2026-03-11 22:41:24,998 WARNING: Failed login attempt for username: deddy [in /workspaces/attendance_webapp/app.py:796]
2026-03-11 22:43:04,319 INFO: Attendance application startup [in /workspaces/attendance_webapp/app.py:46]
2026-03-11 22:43:07,161 INFO: Attendance application startup [in /workspaces/attendance_webapp/app.py:46]
2026-03-11 22:43:16,682 ERROR: Error in login route: type object 'IPModel' has no attribute 'log_ip' [in /workspaces/attendance_webapp/app.py:799]
2026-03-11 22:43:20,717 WARNING: Failed login attempt for username: Admin [in /workspaces/attendance_webapp/app.py:796]
2026-03-11 22:43:34,264 ERROR: Error in dashboard route: Could not build url for endpoint 'ip.all_ips'. Did you mean 'all_ips' instead? [in /workspaces/attendance_webapp/app.py:857]
2026-03-11 22:43:34,308 INFO: User admin logged out [in /workspaces/attendance_webapp/app.py:809]
2026-03-11 22:43:41,136 WARNING: Failed login attempt for username: admin [in /workspaces/attendance_webapp/app.py:796]
2026-03-11 22:43:44,500 ERROR: Error in login route: type object 'IPModel' has no attribute 'log_ip' [in /workspaces/attendance_webapp/app.py:799]
2026-03-11 22:45:46,367 INFO: Attendance application startup [in /workspaces/attendance_webapp/app.py:46]
2026-03-11 22:45:56,361 WARNING: Failed login attempt for username: admin [in /workspaces/attendance_webapp/app.py:796]
